Using pre-set license
Built from '2022.3/staging' branch; Version is '2022.3.14f1 (eff2de9070d8) revision 15725278'; Using compiler version '192829333'; Build Type 'Release'
OS: 'Windows 10  (10.0.19045) 64bit Education' Language: 'ko' Physical Memory: 16297 MB
BatchMode: 1, IsHumanControllingUs: 0, StartBugReporterOnCrash: 0, Is64bit: 1, IsPro: 1

COMMAND LINE ARGUMENTS:
C:\Program Files\Unity\Hub\Editor\2022.3.14f1\Editor\Unity.exe
-adb2
-batchMode
-noUpm
-name
AssetImportWorker0
-projectPath
C:/Users/Administrator/Desktop/JY.Unity/UnityTutorial
-logFile
Logs/AssetImportWorker0.log
-srvPort
51285
Successfully changed project path to: C:/Users/Administrator/Desktop/JY.Unity/UnityTutorial
C:/Users/Administrator/Desktop/JY.Unity/UnityTutorial
[UnityMemory] Configuration Parameters - Can be set up in boot.config
    "memorysetup-bucket-allocator-granularity=16"
    "memorysetup-bucket-allocator-bucket-count=8"
    "memorysetup-bucket-allocator-block-size=33554432"
    "memorysetup-bucket-allocator-block-count=8"
    "memorysetup-main-allocator-block-size=16777216"
    "memorysetup-thread-allocator-block-size=16777216"
    "memorysetup-gfx-main-allocator-block-size=16777216"
    "memorysetup-gfx-thread-allocator-block-size=16777216"
    "memorysetup-cache-allocator-block-size=4194304"
    "memorysetup-typetree-allocator-block-size=2097152"
    "memorysetup-profiler-bucket-allocator-granularity=16"
    "memorysetup-profiler-bucket-allocator-bucket-count=8"
    "memorysetup-profiler-bucket-allocator-block-size=33554432"
    "memorysetup-profiler-bucket-allocator-block-count=8"
    "memorysetup-profiler-allocator-block-size=16777216"
    "memorysetup-profiler-editor-allocator-block-size=1048576"
    "memorysetup-temp-allocator-size-main=16777216"
    "memorysetup-job-temp-allocator-block-size=2097152"
    "memorysetup-job-temp-allocator-block-size-background=1048576"
    "memorysetup-job-temp-allocator-reduction-small-platforms=262144"
    "memorysetup-allocator-temp-initial-block-size-main=262144"
    "memorysetup-allocator-temp-initial-block-size-worker=262144"
    "memorysetup-temp-allocator-size-background-worker=32768"
    "memorysetup-temp-allocator-size-job-worker=262144"
    "memorysetup-temp-allocator-size-preload-manager=33554432"
    "memorysetup-temp-allocator-size-nav-mesh-worker=65536"
    "memorysetup-temp-allocator-size-audio-worker=65536"
    "memorysetup-temp-allocator-size-cloud-worker=32768"
    "memorysetup-temp-allocator-size-gi-baking-worker=262144"
    "memorysetup-temp-allocator-size-gfx=262144"
Player connection [16592] Host "[IP] 192.168.0.142 [Port] 0 [Flags] 2 [Guid] 1863865548 [EditorId] 1863865548 [Version] 1048832 [Id] WindowsEditor(7,DESKTOP-0LK78K4) [Debug] 1 [PackageName] WindowsEditor [ProjectName] Editor" joined multi-casting on [225.0.0.222:54997]...

Player connection [16592] Host "[IP] 192.168.0.142 [Port] 0 [Flags] 2 [Guid] 1863865548 [EditorId] 1863865548 [Version] 1048832 [Id] WindowsEditor(7,DESKTOP-0LK78K4) [Debug] 1 [PackageName] WindowsEditor [ProjectName] Editor" joined alternative multi-casting on [225.0.0.222:34997]...

[Physics::Module] Initialized MultithreadedJobDispatcher with 15 workers.
Refreshing native plugins compatible for Editor in 6.35 ms, found 3 plugins.
Preloading 0 native plugins for Editor in 0.00 ms.
Initialize engine version: 2022.3.14f1 (eff2de9070d8)
[Subsystems] Discovering subsystems at path C:/Program Files/Unity/Hub/Editor/2022.3.14f1/Editor/Data/Resources/UnitySubsystems
[Subsystems] Discovering subsystems at path C:/Users/Administrator/Desktop/JY.Unity/UnityTutorial/Assets
GfxDevice: creating device client; threaded=0; jobified=0
Direct3D:
    Version:  Direct3D 11.0 [level 11.1]
    Renderer: NVIDIA GeForce GTX 1660 (ID=0x2184)
    Vendor:   NVIDIA
    VRAM:     5980 MB
    Driver:   31.0.15.3623
Initialize mono
Mono path[0] = 'C:/Program Files/Unity/Hub/Editor/2022.3.14f1/Editor/Data/Managed'
Mono path[1] = 'C:/Program Files/Unity/Hub/Editor/2022.3.14f1/Editor/Data/MonoBleedingEdge/lib/mono/unityjit-win32'
Mono config path = 'C:/Program Files/Unity/Hub/Editor/2022.3.14f1/Editor/Data/MonoBleedingEdge/etc'
Using monoOptions --debugger-agent=transport=dt_socket,embedding=1,server=y,suspend=n,address=127.0.0.1:56648
Begin MonoManager ReloadAssembly
Registering precompiled unity dll's ...
Register platform support module: C:/Program Files/Unity/Hub/Editor/2022.3.14f1/Editor/Data/PlaybackEngines/WindowsStandaloneSupport/UnityEditor.WindowsStandalone.Extensions.dll
Registered in 0.008825 seconds.
- Loaded All Assemblies, in  0.314 seconds
Native extension for WindowsStandalone target not found
Mono: successfully reloaded assembly
- Finished resetting the current domain, in  0.223 seconds
Domain Reload Profiling: 536ms
	BeginReloadAssembly (98ms)
		ExecutionOrderSort (0ms)
		DisableScriptedObjects (0ms)
		BackupInstance (0ms)
		ReleaseScriptingObjects (0ms)
		CreateAndSetChildDomain (1ms)
	RebuildCommonClasses (33ms)
	RebuildNativeTypeToScriptingClass (11ms)
	initialDomainReloadingComplete (55ms)
	LoadAllAssembliesAndSetupDomain (117ms)
		LoadAssemblies (96ms)
		RebuildTransferFunctionScriptingTraits (0ms)
		AnalyzeDomain (116ms)
			TypeCache.Refresh (114ms)
				TypeCache.ScanAssembly (103ms)
			ScanForSourceGeneratedMonoScriptInfo (0ms)
			ResolveRequiredComponents (0ms)
	FinalizeReload (223ms)
		ReleaseScriptCaches (0ms)
		RebuildScriptCaches (0ms)
		SetupLoadedEditorAssemblies (173ms)
			LogAssemblyErrors (0ms)
			InitializePlatformSupportModulesInManaged (8ms)
			SetLoadedEditorAssemblies (7ms)
			RefreshPlugins (0ms)
			BeforeProcessingInitializeOnLoad (2ms)
			ProcessInitializeOnLoadAttributes (113ms)
			ProcessInitializeOnLoadMethodAttributes (44ms)
			AfterProcessingInitializeOnLoad (0ms)
			EditorAssembliesLoaded (0ms)
		ExecutionOrderSort2 (0ms)
		AwakeInstancesAfterBackupRestoration (0ms)
========================================================================
Worker process is ready to serve import requests
Begin MonoManager ReloadAssembly
- Loaded All Assemblies, in  0.617 seconds
Refreshing native plugins compatible for Editor in 3.25 ms, found 3 plugins.
Native extension for WindowsStandalone target not found
Package Manager log level set to [2]
[Package Manager] Server::EnsureServerProcessIsRunning -- launch failed, reason: Unity was launched with the -noUpm command-line argument
[Package Manager] UpmClient::Send -- Unable to send message (not connected to UPM process).
[Package Manager] Cannot connect to Unity Package Manager local server
Mono: successfully reloaded assembly
- Finished resetting the current domain, in  0.649 seconds
Domain Reload Profiling: 1264ms
	BeginReloadAssembly (136ms)
		ExecutionOrderSort (0ms)
		DisableScriptedObjects (5ms)
		BackupInstance (0ms)
		ReleaseScriptingObjects (0ms)
		CreateAndSetChildDomain (20ms)
	RebuildCommonClasses (32ms)
	RebuildNativeTypeToScriptingClass (10ms)
	initialDomainReloadingComplete (39ms)
	LoadAllAssembliesAndSetupDomain (398ms)
		LoadAssemblies (272ms)
		RebuildTransferFunctionScriptingTraits (0ms)
		AnalyzeDomain (205ms)
			TypeCache.Refresh (186ms)
				TypeCache.ScanAssembly (164ms)
			ScanForSourceGeneratedMonoScriptInfo (14ms)
			ResolveRequiredComponents (4ms)
	FinalizeReload (649ms)
		ReleaseScriptCaches (0ms)
		RebuildScriptCaches (0ms)
		SetupLoadedEditorAssemblies (511ms)
			LogAssemblyErrors (0ms)
			InitializePlatformSupportModulesInManaged (5ms)
			SetLoadedEditorAssemblies (4ms)
			RefreshPlugins (0ms)
			BeforeProcessingInitializeOnLoad (56ms)
			ProcessInitializeOnLoadAttributes (420ms)
			ProcessInitializeOnLoadMethodAttributes (20ms)
			AfterProcessingInitializeOnLoad (6ms)
			EditorAssembliesLoaded (0ms)
		ExecutionOrderSort2 (0ms)
		AwakeInstancesAfterBackupRestoration (6ms)
Launched and connected shader compiler UnityShaderCompiler.exe after 0.03 seconds
Refreshing native plugins compatible for Editor in 2.70 ms, found 3 plugins.
Preloading 0 native plugins for Editor in 0.00 ms.
Unloading 3133 Unused Serialized files (Serialized files now loaded: 0)
Unloading 32 unused Assets / (56.8 KB). Loaded Objects now: 3595.
Memory consumption went from 127.9 MB to 127.8 MB.
Total: 3.655500 ms (FindLiveObjects: 0.446700 ms CreateObjectMapping: 0.250200 ms MarkObjects: 2.863000 ms  DeleteObjects: 0.094600 ms)

AssetImportParameters requested are different than current active one (requested -> active):
  custom:container-demuxer-ogg: 62fdf1f143b41e24485cea50d1cbac27 -> 
  custom:video-decoder-ogg-theora: a1e56fd34408186e4bbccfd4996cb3dc -> 
  custom:framework-win-MediaFoundation: 216162199b28c13a410421893ffa2e32 -> 
  custom:CustomObjectIndexerAttribute: 756ad292c208cfabdd7b50bc23989ffe -> 
  custom:container-demuxer-webm: 4f35f7cbe854078d1ac9338744f61a02 -> 
  custom:container-muxer-webm: aa71ff27fc2769a1b78a27578f13a17b -> 
  custom:video-decoder-webm-vp8: 9c59270c3fd7afecdb556c50c9e8de78 -> 
  custom:SearchIndexIgnoredProperties: e643bd26f0fe6173181afceb89e7c659 -> 
  custom:AudioImporter_EditorPlatform: d09bf68614088b80899f8185d706f6e7 -> 
  custom:video-encoder-webm-vp8: eb34c28f22e8b96e1ab97ce403110664 -> 
  custom:audio-decoder-ogg-vorbis: bf7c407c2cedff20999df2af8eb42d56 -> 
  custom:audio-encoder-webm-vorbis: bf7c407c2cedff20999df2af8eb42d56 -> 
========================================================================
Received Prepare
Begin MonoManager ReloadAssembly
- Loaded All Assemblies, in  0.576 seconds
Refreshing native plugins compatible for Editor in 5.02 ms, found 3 plugins.
Native extension for WindowsStandalone target not found
[Package Manager] Server::EnsureServerProcessIsRunning -- launch failed, reason: Unity was launched with the -noUpm command-line argument
[Package Manager] UpmClient::Send -- Unable to send message (not connected to UPM process).
[Package Manager] Cannot connect to Unity Package Manager local server
Mono: successfully reloaded assembly
- Finished resetting the current domain, in  1.362 seconds
Domain Reload Profiling: 1935ms
	BeginReloadAssembly (177ms)
		ExecutionOrderSort (0ms)
		DisableScriptedObjects (5ms)
		BackupInstance (0ms)
		ReleaseScriptingObjects (0ms)
		CreateAndSetChildDomain (49ms)
	RebuildCommonClasses (47ms)
	RebuildNativeTypeToScriptingClass (20ms)
	initialDomainReloadingComplete (42ms)
	LoadAllAssembliesAndSetupDomain (286ms)
		LoadAssemblies (339ms)
		RebuildTransferFunctionScriptingTraits (0ms)
		AnalyzeDomain (38ms)
			TypeCache.Refresh (19ms)
				TypeCache.ScanAssembly (0ms)
			ScanForSourceGeneratedMonoScriptInfo (9ms)
			ResolveRequiredComponents (7ms)
	FinalizeReload (1363ms)
		ReleaseScriptCaches (0ms)
		RebuildScriptCaches (0ms)
		SetupLoadedEditorAssemblies (781ms)
			LogAssemblyErrors (0ms)
			InitializePlatformSupportModulesInManaged (10ms)
			SetLoadedEditorAssemblies (5ms)
			RefreshPlugins (0ms)
			BeforeProcessingInitializeOnLoad (138ms)
			ProcessInitializeOnLoadAttributes (590ms)
			ProcessInitializeOnLoadMethodAttributes (27ms)
			AfterProcessingInitializeOnLoad (8ms)
			EditorAssembliesLoaded (2ms)
		ExecutionOrderSort2 (0ms)
		AwakeInstancesAfterBackupRestoration (22ms)
Refreshing native plugins compatible for Editor in 4.39 ms, found 3 plugins.
Preloading 0 native plugins for Editor in 0.00 ms.
Unloading 3126 Unused Serialized files (Serialized files now loaded: 0)
Unloading 23 unused Assets / (31.1 KB). Loaded Objects now: 3598.
Memory consumption went from 128.9 MB to 128.9 MB.
Total: 54.735900 ms (FindLiveObjects: 6.939900 ms CreateObjectMapping: 0.383000 ms MarkObjects: 47.323300 ms  DeleteObjects: 0.088400 ms)

Prepare: number of updated asset objects reloaded= 0
AssetImportParameters requested are different than current active one (requested -> active):
  custom:container-demuxer-ogg: 62fdf1f143b41e24485cea50d1cbac27 -> 
  custom:video-decoder-ogg-theora: a1e56fd34408186e4bbccfd4996cb3dc -> 
  custom:framework-win-MediaFoundation: 216162199b28c13a410421893ffa2e32 -> 
  custom:CustomObjectIndexerAttribute: 756ad292c208cfabdd7b50bc23989ffe -> 
  custom:container-demuxer-webm: 4f35f7cbe854078d1ac9338744f61a02 -> 
  custom:container-muxer-webm: aa71ff27fc2769a1b78a27578f13a17b -> 
  custom:video-decoder-webm-vp8: 9c59270c3fd7afecdb556c50c9e8de78 -> 
  custom:SearchIndexIgnoredProperties: e643bd26f0fe6173181afceb89e7c659 -> 
  custom:AudioImporter_EditorPlatform: d09bf68614088b80899f8185d706f6e7 -> 
  custom:video-encoder-webm-vp8: eb34c28f22e8b96e1ab97ce403110664 -> 
  custom:audio-decoder-ogg-vorbis: bf7c407c2cedff20999df2af8eb42d56 -> 
  custom:audio-encoder-webm-vorbis: bf7c407c2cedff20999df2af8eb42d56 -> 
========================================================================
Received Import Request.
  Time since last request: 18919.647578 seconds.
  path: Assets/Instantiate/Scripts/SoundManager.cs
  artifactKey: Guid(c89d356b7be4f7642a9a0ac9354d7cb6) Importer(815301076,1909f56bfc062723c751e8b465ee728b)
Start importing Assets/Instantiate/Scripts/SoundManager.cs using Guid(c89d356b7be4f7642a9a0ac9354d7cb6) Importer(815301076,1909f56bfc062723c751e8b465ee728b)  -> (artifact id: '6b73c2693e7c3a2db02776da8c9cb890') in 0.002739 seconds
Number of updated asset objects reloaded before import = 0
Number of asset objects unloaded after import = 0
========================================================================
Received Prepare
Begin MonoManager ReloadAssembly
- Loaded All Assemblies, in  0.392 seconds
Refreshing native plugins compatible for Editor in 2.36 ms, found 3 plugins.
Native extension for WindowsStandalone target not found
[Package Manager] Server::EnsureServerProcessIsRunning -- launch failed, reason: Unity was launched with the -noUpm command-line argument
[Package Manager] UpmClient::Send -- Unable to send message (not connected to UPM process).
[Package Manager] Cannot connect to Unity Package Manager local server
Mono: successfully reloaded assembly
- Finished resetting the current domain, in  0.835 seconds
Domain Reload Profiling: 1225ms
	BeginReloadAssembly (140ms)
		ExecutionOrderSort (0ms)
		DisableScriptedObjects (5ms)
		BackupInstance (0ms)
		ReleaseScriptingObjects (0ms)
		CreateAndSetChildDomain (33ms)
	RebuildCommonClasses (28ms)
	RebuildNativeTypeToScriptingClass (10ms)
	initialDomainReloadingComplete (25ms)
	LoadAllAssembliesAndSetupDomain (187ms)
		LoadAssemblies (242ms)
		RebuildTransferFunctionScriptingTraits (0ms)
		AnalyzeDomain (19ms)
			TypeCache.Refresh (8ms)
				TypeCache.ScanAssembly (0ms)
			ScanForSourceGeneratedMonoScriptInfo (6ms)
			ResolveRequiredComponents (4ms)
	FinalizeReload (836ms)
		ReleaseScriptCaches (0ms)
		RebuildScriptCaches (0ms)
		SetupLoadedEditorAssemblies (471ms)
			LogAssemblyErrors (0ms)
			InitializePlatformSupportModulesInManaged (5ms)
			SetLoadedEditorAssemblies (4ms)
			RefreshPlugins (0ms)
			BeforeProcessingInitializeOnLoad (53ms)
			ProcessInitializeOnLoadAttributes (387ms)
			ProcessInitializeOnLoadMethodAttributes (17ms)
			AfterProcessingInitializeOnLoad (6ms)
			EditorAssembliesLoaded (0ms)
		ExecutionOrderSort2 (0ms)
		AwakeInstancesAfterBackupRestoration (5ms)
Refreshing native plugins compatible for Editor in 2.24 ms, found 3 plugins.
Preloading 0 native plugins for Editor in 0.00 ms.
Unloading 3125 Unused Serialized files (Serialized files now loaded: 0)
Unloading 23 unused Assets / (31.1 KB). Loaded Objects now: 3601.
Memory consumption went from 130.6 MB to 130.5 MB.
Total: 3.013600 ms (FindLiveObjects: 0.252000 ms CreateObjectMapping: 0.222600 ms MarkObjects: 2.502000 ms  DeleteObjects: 0.036500 ms)

Prepare: number of updated asset objects reloaded= 0
AssetImportParameters requested are different than current active one (requested -> active):
  custom:container-demuxer-ogg: 62fdf1f143b41e24485cea50d1cbac27 -> 
  custom:video-decoder-ogg-theora: a1e56fd34408186e4bbccfd4996cb3dc -> 
  custom:framework-win-MediaFoundation: 216162199b28c13a410421893ffa2e32 -> 
  custom:CustomObjectIndexerAttribute: 756ad292c208cfabdd7b50bc23989ffe -> 
  custom:container-demuxer-webm: 4f35f7cbe854078d1ac9338744f61a02 -> 
  custom:container-muxer-webm: aa71ff27fc2769a1b78a27578f13a17b -> 
  custom:video-decoder-webm-vp8: 9c59270c3fd7afecdb556c50c9e8de78 -> 
  custom:SearchIndexIgnoredProperties: e643bd26f0fe6173181afceb89e7c659 -> 
  custom:AudioImporter_EditorPlatform: d09bf68614088b80899f8185d706f6e7 -> 
  custom:video-encoder-webm-vp8: eb34c28f22e8b96e1ab97ce403110664 -> 
  custom:audio-decoder-ogg-vorbis: bf7c407c2cedff20999df2af8eb42d56 -> 
  custom:audio-encoder-webm-vorbis: bf7c407c2cedff20999df2af8eb42d56 -> 
========================================================================
Received Prepare
Begin MonoManager ReloadAssembly
- Loaded All Assemblies, in  0.387 seconds
Refreshing native plugins compatible for Editor in 2.38 ms, found 3 plugins.
Native extension for WindowsStandalone target not found
[Package Manager] Server::EnsureServerProcessIsRunning -- launch failed, reason: Unity was launched with the -noUpm command-line argument
[Package Manager] UpmClient::Send -- Unable to send message (not connected to UPM process).
[Package Manager] Cannot connect to Unity Package Manager local server
Mono: successfully reloaded assembly
- Finished resetting the current domain, in  0.849 seconds
Domain Reload Profiling: 1234ms
	BeginReloadAssembly (139ms)
		ExecutionOrderSort (0ms)
		DisableScriptedObjects (5ms)
		BackupInstance (0ms)
		ReleaseScriptingObjects (0ms)
		CreateAndSetChildDomain (32ms)
	RebuildCommonClasses (29ms)
	RebuildNativeTypeToScriptingClass (10ms)
	initialDomainReloadingComplete (25ms)
	LoadAllAssembliesAndSetupDomain (182ms)
		LoadAssemblies (236ms)
		RebuildTransferFunctionScriptingTraits (0ms)
		AnalyzeDomain (19ms)
			TypeCache.Refresh (8ms)
				TypeCache.ScanAssembly (0ms)
			ScanForSourceGeneratedMonoScriptInfo (6ms)
			ResolveRequiredComponents (4ms)
	FinalizeReload (849ms)
		ReleaseScriptCaches (0ms)
		RebuildScriptCaches (0ms)
		SetupLoadedEditorAssemblies (476ms)
			LogAssemblyErrors (0ms)
			InitializePlatformSupportModulesInManaged (26ms)
			SetLoadedEditorAssemblies (26ms)
			RefreshPlugins (0ms)
			BeforeProcessingInitializeOnLoad (52ms)
			ProcessInitializeOnLoadAttributes (350ms)
			ProcessInitializeOnLoadMethodAttributes (16ms)
			AfterProcessingInitializeOnLoad (6ms)
			EditorAssembliesLoaded (0ms)
		ExecutionOrderSort2 (0ms)
		AwakeInstancesAfterBackupRestoration (5ms)
Refreshing native plugins compatible for Editor in 2.31 ms, found 3 plugins.
Preloading 0 native plugins for Editor in 0.00 ms.
Unloading 3126 Unused Serialized files (Serialized files now loaded: 0)
Unloading 23 unused Assets / (31.0 KB). Loaded Objects now: 3604.
Memory consumption went from 132.8 MB to 132.7 MB.
Total: 2.684800 ms (FindLiveObjects: 0.240900 ms CreateObjectMapping: 0.199200 ms MarkObjects: 2.200800 ms  DeleteObjects: 0.043300 ms)

Prepare: number of updated asset objects reloaded= 0
AssetImportParameters requested are different than current active one (requested -> active):
  custom:container-demuxer-ogg: 62fdf1f143b41e24485cea50d1cbac27 -> 
  custom:video-decoder-ogg-theora: a1e56fd34408186e4bbccfd4996cb3dc -> 
  custom:framework-win-MediaFoundation: 216162199b28c13a410421893ffa2e32 -> 
  custom:CustomObjectIndexerAttribute: 756ad292c208cfabdd7b50bc23989ffe -> 
  custom:container-demuxer-webm: 4f35f7cbe854078d1ac9338744f61a02 -> 
  custom:container-muxer-webm: aa71ff27fc2769a1b78a27578f13a17b -> 
  custom:video-decoder-webm-vp8: 9c59270c3fd7afecdb556c50c9e8de78 -> 
  custom:SearchIndexIgnoredProperties: e643bd26f0fe6173181afceb89e7c659 -> 
  custom:AudioImporter_EditorPlatform: d09bf68614088b80899f8185d706f6e7 -> 
  custom:video-encoder-webm-vp8: eb34c28f22e8b96e1ab97ce403110664 -> 
  custom:audio-decoder-ogg-vorbis: bf7c407c2cedff20999df2af8eb42d56 -> 
  custom:audio-encoder-webm-vorbis: bf7c407c2cedff20999df2af8eb42d56 -> 
========================================================================
Received Import Request.
  Time since last request: 470.632898 seconds.
  path: Assets/Instantiate/Scripts/Unit/Unit.cs
  artifactKey: Guid(652409c99dac5264ca5de1b7fb739e50) Importer(815301076,1909f56bfc062723c751e8b465ee728b)
Start importing Assets/Instantiate/Scripts/Unit/Unit.cs using Guid(652409c99dac5264ca5de1b7fb739e50) Importer(815301076,1909f56bfc062723c751e8b465ee728b)  -> (artifact id: '9b655a03cd9cfc15a077882e3f5597f1') in 0.002981 seconds
Number of updated asset objects reloaded before import = 0
Number of asset objects unloaded after import = 0
========================================================================
Received Import Request.
  Time since last request: 445.019799 seconds.
  path: Assets/Instantiate/Scripts/Unit/Unit.cs
  artifactKey: Guid(652409c99dac5264ca5de1b7fb739e50) Importer(815301076,1909f56bfc062723c751e8b465ee728b)
Start importing Assets/Instantiate/Scripts/Unit/Unit.cs using Guid(652409c99dac5264ca5de1b7fb739e50) Importer(815301076,1909f56bfc062723c751e8b465ee728b)  -> (artifact id: 'ac73c825cc2932cdecab86e8813de5b3') in 0.000629 seconds
Number of updated asset objects reloaded before import = 0
Number of asset objects unloaded after import = 0
========================================================================
Received Prepare
Begin MonoManager ReloadAssembly
- Loaded All Assemblies, in  0.390 seconds
Refreshing native plugins compatible for Editor in 2.36 ms, found 3 plugins.
Native extension for WindowsStandalone target not found
[Package Manager] Server::EnsureServerProcessIsRunning -- launch failed, reason: Unity was launched with the -noUpm command-line argument
[Package Manager] UpmClient::Send -- Unable to send message (not connected to UPM process).
[Package Manager] Cannot connect to Unity Package Manager local server
Mono: successfully reloaded assembly
- Finished resetting the current domain, in  0.848 seconds
Domain Reload Profiling: 1236ms
	BeginReloadAssembly (141ms)
		ExecutionOrderSort (0ms)
		DisableScriptedObjects (5ms)
		BackupInstance (0ms)
		ReleaseScriptingObjects (0ms)
		CreateAndSetChildDomain (35ms)
	RebuildCommonClasses (28ms)
	RebuildNativeTypeToScriptingClass (10ms)
	initialDomainReloadingComplete (25ms)
	LoadAllAssembliesAndSetupDomain (184ms)
		LoadAssemblies (237ms)
		RebuildTransferFunctionScriptingTraits (0ms)
		AnalyzeDomain (20ms)
			TypeCache.Refresh (9ms)
				TypeCache.ScanAssembly (0ms)
			ScanForSourceGeneratedMonoScriptInfo (6ms)
			ResolveRequiredComponents (4ms)
	FinalizeReload (849ms)
		ReleaseScriptCaches (0ms)
		RebuildScriptCaches (0ms)
		SetupLoadedEditorAssemblies (464ms)
			LogAssemblyErrors (0ms)
			InitializePlatformSupportModulesInManaged (6ms)
			SetLoadedEditorAssemblies (4ms)
			RefreshPlugins (0ms)
			BeforeProcessingInitializeOnLoad (56ms)
			ProcessInitializeOnLoadAttributes (373ms)
			ProcessInitializeOnLoadMethodAttributes (18ms)
			AfterProcessingInitializeOnLoad (6ms)
			EditorAssembliesLoaded (0ms)
		ExecutionOrderSort2 (0ms)
		AwakeInstancesAfterBackupRestoration (6ms)
Refreshing native plugins compatible for Editor in 2.43 ms, found 3 plugins.
Preloading 0 native plugins for Editor in 0.00 ms.
Unloading 3125 Unused Serialized files (Serialized files now loaded: 0)
Unloading 23 unused Assets / (31.0 KB). Loaded Objects now: 3607.
Memory consumption went from 134.5 MB to 134.4 MB.
Total: 2.820200 ms (FindLiveObjects: 0.242400 ms CreateObjectMapping: 0.203700 ms MarkObjects: 2.331800 ms  DeleteObjects: 0.041500 ms)

Prepare: number of updated asset objects reloaded= 0
AssetImportParameters requested are different than current active one (requested -> active):
  custom:container-demuxer-ogg: 62fdf1f143b41e24485cea50d1cbac27 -> 
  custom:video-decoder-ogg-theora: a1e56fd34408186e4bbccfd4996cb3dc -> 
  custom:framework-win-MediaFoundation: 216162199b28c13a410421893ffa2e32 -> 
  custom:CustomObjectIndexerAttribute: 756ad292c208cfabdd7b50bc23989ffe -> 
  custom:container-demuxer-webm: 4f35f7cbe854078d1ac9338744f61a02 -> 
  custom:container-muxer-webm: aa71ff27fc2769a1b78a27578f13a17b -> 
  custom:video-decoder-webm-vp8: 9c59270c3fd7afecdb556c50c9e8de78 -> 
  custom:SearchIndexIgnoredProperties: e643bd26f0fe6173181afceb89e7c659 -> 
  custom:AudioImporter_EditorPlatform: d09bf68614088b80899f8185d706f6e7 -> 
  custom:video-encoder-webm-vp8: eb34c28f22e8b96e1ab97ce403110664 -> 
  custom:audio-decoder-ogg-vorbis: bf7c407c2cedff20999df2af8eb42d56 -> 
  custom:audio-encoder-webm-vorbis: bf7c407c2cedff20999df2af8eb42d56 -> 
========================================================================
Received Import Request.
  Time since last request: 41.414731 seconds.
  path: Assets/Instantiate/Prefabs/Wizard.prefab
  artifactKey: Guid(8f4304804fb66ab4da3ab0488d9a675a) Importer(815301076,1909f56bfc062723c751e8b465ee728b)
Start importing Assets/Instantiate/Prefabs/Wizard.prefab using Guid(8f4304804fb66ab4da3ab0488d9a675a) Importer(815301076,1909f56bfc062723c751e8b465ee728b)  -> (artifact id: '440338d38f8e992477bb8ccea2b10b2d') in 1.375627 seconds
Number of updated asset objects reloaded before import = 0
Number of asset objects unloaded after import = 237
========================================================================
Received Import Request.
  Time since last request: 490.604813 seconds.
  path: Assets/Instantiate/Fantasy Monster(wizard) Demo/Materials/ground_for demo.mat
  artifactKey: Guid(d584889588f2b6840a6b076aa0a1d663) Importer(815301076,1909f56bfc062723c751e8b465ee728b)
Start importing Assets/Instantiate/Fantasy Monster(wizard) Demo/Materials/ground_for demo.mat using Guid(d584889588f2b6840a6b076aa0a1d663) Importer(815301076,1909f56bfc062723c751e8b465ee728b)  -> (artifact id: 'f44eb8c41443cbe65183904907d163ff') in 0.051621 seconds
Number of updated asset objects reloaded before import = 0
Number of asset objects unloaded after import = 1
========================================================================
Received Import Request.
  Time since last request: 0.000027 seconds.
  path: Assets/Instantiate/Fantasy Monster(wizard) Demo/Materials/wizard_addon_head_01 DEMO.mat
  artifactKey: Guid(1ad4378e58356014881c80cd15757bb0) Importer(815301076,1909f56bfc062723c751e8b465ee728b)
Start importing Assets/Instantiate/Fantasy Monster(wizard) Demo/Materials/wizard_addon_head_01 DEMO.mat using Guid(1ad4378e58356014881c80cd15757bb0) Importer(815301076,1909f56bfc062723c751e8b465ee728b)  -> (artifact id: '01cb51a6edaff9aabd368150bb31afbf') in 0.066068 seconds
Number of updated asset objects reloaded before import = 0
Number of asset objects unloaded after import = 5
========================================================================
Received Import Request.
  Time since last request: 0.000024 seconds.
  path: Assets/Instantiate/Fantasy Monster(wizard) Demo/Materials/wizard_weapon_01 DEMO.mat
  artifactKey: Guid(a267b501b822a7a4d8ad643ea81e410a) Importer(815301076,1909f56bfc062723c751e8b465ee728b)
Start importing Assets/Instantiate/Fantasy Monster(wizard) Demo/Materials/wizard_weapon_01 DEMO.mat using Guid(a267b501b822a7a4d8ad643ea81e410a) Importer(815301076,1909f56bfc062723c751e8b465ee728b)  -> (artifact id: 'aab306eea1431688af97d6b81a887345') in 0.065902 seconds
Number of updated asset objects reloaded before import = 0
Number of asset objects unloaded after import = 5
========================================================================
Received Import Request.
  Time since last request: 8.268416 seconds.
  path: Assets/Instantiate/Sound
  artifactKey: Guid(9491b412acc9c8f478bc73701309cd87) Importer(815301076,1909f56bfc062723c751e8b465ee728b)
Start importing Assets/Instantiate/Sound using Guid(9491b412acc9c8f478bc73701309cd87) Importer(815301076,1909f56bfc062723c751e8b465ee728b)  -> (artifact id: '3b79206f619b76589e92df7fe4222620') in 0.000445 seconds
Number of updated asset objects reloaded before import = 0
Number of asset objects unloaded after import = 0
========================================================================
Received Import Request.
  Time since last request: 69.657392 seconds.
  path: Assets/Instantiate/Sound/Glock.mp3
  artifactKey: Guid(90a90ad9d419d284a8f4b03fe99dbe0c) Importer(815301076,1909f56bfc062723c751e8b465ee728b)
Start importing Assets/Instantiate/Sound/Glock.mp3 using Guid(90a90ad9d419d284a8f4b03fe99dbe0c) Importer(815301076,1909f56bfc062723c751e8b465ee728b)  -> (artifact id: '903c061cc08a28f82bd12b42a8172ef3') in 0.044552 seconds
Number of updated asset objects reloaded before import = 0
Number of asset objects unloaded after import = 2
========================================================================
Received Import Request.
  Time since last request: 141.449074 seconds.
  path: Assets/Instantiate/Sound/Monster SFX - 111518
  artifactKey: Guid(0255f3ac51b562648b3ff85e7998623d) Importer(815301076,1909f56bfc062723c751e8b465ee728b)
Start importing Assets/Instantiate/Sound/Monster SFX - 111518 using Guid(0255f3ac51b562648b3ff85e7998623d) Importer(815301076,1909f56bfc062723c751e8b465ee728b)  -> (artifact id: '25905d7645dcfaf9c2e48bbaaa24ce9f') in 0.000478 seconds
Number of updated asset objects reloaded before import = 0
Number of asset objects unloaded after import = 0
========================================================================
Received Import Request.
  Time since last request: 0.948937 seconds.
  path: Assets/Instantiate/Sound/Monster SFX - 111518/monster
  artifactKey: Guid(fb99660f00edd71438151ee31b4623f7) Importer(815301076,1909f56bfc062723c751e8b465ee728b)
Start importing Assets/Instantiate/Sound/Monster SFX - 111518/monster using Guid(fb99660f00edd71438151ee31b4623f7) Importer(815301076,1909f56bfc062723c751e8b465ee728b)  -> (artifact id: 'e8439aac5df9398341eb1918db2b6d45') in 0.000450 seconds
Number of updated asset objects reloaded before import = 0
Number of asset objects unloaded after import = 0
========================================================================
Received Import Request.
  Time since last request: 0.634862 seconds.
  path: Assets/Instantiate/Sound/Monster SFX - 111518/monster/highlevel
  artifactKey: Guid(7df6c208cf54818429aae3b5933c7016) Importer(815301076,1909f56bfc062723c751e8b465ee728b)
Start importing Assets/Instantiate/Sound/Monster SFX - 111518/monster/highlevel using Guid(7df6c208cf54818429aae3b5933c7016) Importer(815301076,1909f56bfc062723c751e8b465ee728b)  -> (artifact id: '5bc95a83b1628bfa3c8c090152960f4b') in 0.000383 seconds
Number of updated asset objects reloaded before import = 0
Number of asset objects unloaded after import = 0
========================================================================
Received Import Request.
  Time since last request: 0.038965 seconds.
  path: Assets/Instantiate/Sound/Monster SFX - 111518/monster/highlevel/mob1.wav
  artifactKey: Guid(dd68c6f0dfd306c489dc7d2919167e42) Importer(815301076,1909f56bfc062723c751e8b465ee728b)
Start importing Assets/Instantiate/Sound/Monster SFX - 111518/monster/highlevel/mob1.wav using Guid(dd68c6f0dfd306c489dc7d2919167e42) Importer(815301076,1909f56bfc062723c751e8b465ee728b)  -> (artifact id: 'c8ce0d5835477f115883bbab56827cee') in 0.016861 seconds
Number of updated asset objects reloaded before import = 0
Number of asset objects unloaded after import = 2
========================================================================
Received Import Request.
  Time since last request: 0.000021 seconds.
  path: Assets/Instantiate/Sound/Monster SFX - 111518/monster/highlevel/mob5atk.wav
  artifactKey: Guid(8332815109b433243a4e134868c6d46f) Importer(815301076,1909f56bfc062723c751e8b465ee728b)
Start importing Assets/Instantiate/Sound/Monster SFX - 111518/monster/highlevel/mob5atk.wav using Guid(8332815109b433243a4e134868c6d46f) Importer(815301076,1909f56bfc062723c751e8b465ee728b)  -> (artifact id: '0f30a42f8b2e6a749d6445aa6210ca18') in 0.014677 seconds
Number of updated asset objects reloaded before import = 0
Number of asset objects unloaded after import = 2
========================================================================
Received Import Request.
  Time since last request: 0.000017 seconds.
  path: Assets/Instantiate/Sound/Monster SFX - 111518/monster/highlevel/mob9die.wav
  artifactKey: Guid(4734b0abbd6dd0241956ef76b7254f2f) Importer(815301076,1909f56bfc062723c751e8b465ee728b)
Start importing Assets/Instantiate/Sound/Monster SFX - 111518/monster/highlevel/mob9die.wav using Guid(4734b0abbd6dd0241956ef76b7254f2f) Importer(815301076,1909f56bfc062723c751e8b465ee728b)  -> (artifact id: 'f6b5ac2d052bd34c610ad3207ca33174') in 0.020915 seconds
Number of updated asset objects reloaded before import = 0
Number of asset objects unloaded after import = 2
========================================================================
Received Import Request.
  Time since last request: 0.000027 seconds.
  path: Assets/Instantiate/Sound/Monster SFX - 111518/monster/highlevel/mob9.wav
  artifactKey: Guid(8b7617f8b7d8ccb46a35ee3b291d568f) Importer(815301076,1909f56bfc062723c751e8b465ee728b)
Start importing Assets/Instantiate/Sound/Monster SFX - 111518/monster/highlevel/mob9.wav using Guid(8b7617f8b7d8ccb46a35ee3b291d568f) Importer(815301076,1909f56bfc062723c751e8b465ee728b)  -> (artifact id: '0cbfdfdf9969f1e5642bab86d4ec9a3c') in 0.016220 seconds
Number of updated asset objects reloaded before import = 0
Number of asset objects unloaded after import = 2
========================================================================
Received Import Request.
  Time since last request: 0.000016 seconds.
  path: Assets/Instantiate/Sound/Monster SFX - 111518/monster/highlevel/mob6die.wav
  artifactKey: Guid(301a462b2ced13f44afb61acd6364a0d) Importer(815301076,1909f56bfc062723c751e8b465ee728b)
Start importing Assets/Instantiate/Sound/Monster SFX - 111518/monster/highlevel/mob6die.wav using Guid(301a462b2ced13f44afb61acd6364a0d) Importer(815301076,1909f56bfc062723c751e8b465ee728b)  -> (artifact id: 'f83964a685011188ce8e65a5ee282d39') in 0.016993 seconds
Number of updated asset objects reloaded before import = 0
Number of asset objects unloaded after import = 2
========================================================================
Received Import Request.
  Time since last request: 0.000014 seconds.
  path: Assets/Instantiate/Sound/Monster SFX - 111518/monster/highlevel/mob12die.wav
  artifactKey: Guid(fb1786398f238e94ba081af02ce8150c) Importer(815301076,1909f56bfc062723c751e8b465ee728b)
Start importing Assets/Instantiate/Sound/Monster SFX - 111518/monster/highlevel/mob12die.wav using Guid(fb1786398f238e94ba081af02ce8150c) Importer(815301076,1909f56bfc062723c751e8b465ee728b)  -> (artifact id: '985549118b27e2a7a81e991dd4854ade') in 0.021047 seconds
Number of updated asset objects reloaded before import = 0
Number of asset objects unloaded after import = 2
========================================================================
Received Import Request.
  Time since last request: 0.000015 seconds.
  path: Assets/Instantiate/Sound/Monster SFX - 111518/monster/highlevel/mob12atk.wav
  artifactKey: Guid(32fafbc6fa7104a4eb3879eab5c38e45) Importer(815301076,1909f56bfc062723c751e8b465ee728b)
Start importing Assets/Instantiate/Sound/Monster SFX - 111518/monster/highlevel/mob12atk.wav using Guid(32fafbc6fa7104a4eb3879eab5c38e45) Importer(815301076,1909f56bfc062723c751e8b465ee728b)  -> (artifact id: '98fa11c82898c4093a8e6a07aadfea3a') in 0.015812 seconds
Number of updated asset objects reloaded before import = 0
Number of asset objects unloaded after import = 2
========================================================================
Received Import Request.
  Time since last request: 0.000018 seconds.
  path: Assets/Instantiate/Sound/Monster SFX - 111518/monster/highlevel/mob9atk.wav
  artifactKey: Guid(9185036817eded646a971417ca4aece6) Importer(815301076,1909f56bfc062723c751e8b465ee728b)
Start importing Assets/Instantiate/Sound/Monster SFX - 111518/monster/highlevel/mob9atk.wav using Guid(9185036817eded646a971417ca4aece6) Importer(815301076,1909f56bfc062723c751e8b465ee728b)  -> (artifact id: '992251f7332d4e4d36d2a1aabd85d076') in 0.020160 seconds
Number of updated asset objects reloaded before import = 0
Number of asset objects unloaded after import = 2
========================================================================
Received Import Request.
  Time since last request: 0.000014 seconds.
  path: Assets/Instantiate/Sound/Monster SFX - 111518/monster/highlevel/mob10atk.wav
  artifactKey: Guid(42971485e9c282149adc851e65230b7b) Importer(815301076,1909f56bfc062723c751e8b465ee728b)
Start importing Assets/Instantiate/Sound/Monster SFX - 111518/monster/highlevel/mob10atk.wav using Guid(42971485e9c282149adc851e65230b7b) Importer(815301076,1909f56bfc062723c751e8b465ee728b)  -> (artifact id: 'e7e19112c4bebd17bc95b53f5d9b036c') in 0.014313 seconds
Number of updated asset objects reloaded before import = 0
Number of asset objects unloaded after import = 2
========================================================================
Received Import Request.
  Time since last request: 0.000025 seconds.
  path: Assets/Instantiate/Sound/Monster SFX - 111518/monster/highlevel/mob6atk.wav
  artifactKey: Guid(8e4851963e3ebde4b948020b48d7cd78) Importer(815301076,1909f56bfc062723c751e8b465ee728b)
Start importing Assets/Instantiate/Sound/Monster SFX - 111518/monster/highlevel/mob6atk.wav using Guid(8e4851963e3ebde4b948020b48d7cd78) Importer(815301076,1909f56bfc062723c751e8b465ee728b)  -> (artifact id: '93e89f3549b1cb35fd865be7530c6afa') in 0.017085 seconds
Number of updated asset objects reloaded before import = 0
Number of asset objects unloaded after import = 2
========================================================================
Received Import Request.
  Time since last request: 0.000037 seconds.
  path: Assets/Instantiate/Sound/Monster SFX - 111518/monster/highlevel/mob2die.wav
  artifactKey: Guid(4b4d0aa682f21824da54924403a484fe) Importer(815301076,1909f56bfc062723c751e8b465ee728b)
Start importing Assets/Instantiate/Sound/Monster SFX - 111518/monster/highlevel/mob2die.wav using Guid(4b4d0aa682f21824da54924403a484fe) Importer(815301076,1909f56bfc062723c751e8b465ee728b)  -> (artifact id: '2b5001accbea7a2f4bbc32883072e4c7') in 0.020914 seconds
Number of updated asset objects reloaded before import = 0
Number of asset objects unloaded after import = 2
========================================================================
Received Import Request.
  Time since last request: 0.000018 seconds.
  path: Assets/Instantiate/Sound/Monster SFX - 111518/monster/highlevel/mob3.wav
  artifactKey: Guid(2cc46cabf96c30b41aee8de58bffee1c) Importer(815301076,1909f56bfc062723c751e8b465ee728b)
Start importing Assets/Instantiate/Sound/Monster SFX - 111518/monster/highlevel/mob3.wav using Guid(2cc46cabf96c30b41aee8de58bffee1c) Importer(815301076,1909f56bfc062723c751e8b465ee728b)  -> (artifact id: 'ead2175e83d5a4dd17c721ce32d286fb') in 0.018353 seconds
Number of updated asset objects reloaded before import = 0
Number of asset objects unloaded after import = 2
========================================================================
Received Import Request.
  Time since last request: 0.000015 seconds.
  path: Assets/Instantiate/Sound/Monster SFX - 111518/monster/highlevel/mob10die.wav
  artifactKey: Guid(44b624131e7031745b405f90a3a12532) Importer(815301076,1909f56bfc062723c751e8b465ee728b)
Start importing Assets/Instantiate/Sound/Monster SFX - 111518/monster/highlevel/mob10die.wav using Guid(44b624131e7031745b405f90a3a12532) Importer(815301076,1909f56bfc062723c751e8b465ee728b)  -> (artifact id: 'ef5c69ef33df473237610d312f331f9c') in 0.019336 seconds
Number of updated asset objects reloaded before import = 0
Number of asset objects unloaded after import = 2
========================================================================
Received Import Request.
  Time since last request: 0.000019 seconds.
  path: Assets/Instantiate/Sound/Monster SFX - 111518/monster/highlevel/mob5die.wav
  artifactKey: Guid(a40772278a39d8f4386133e04c4cefd4) Importer(815301076,1909f56bfc062723c751e8b465ee728b)
Start importing Assets/Instantiate/Sound/Monster SFX - 111518/monster/highlevel/mob5die.wav using Guid(a40772278a39d8f4386133e04c4cefd4) Importer(815301076,1909f56bfc062723c751e8b465ee728b)  -> (artifact id: 'e111fa2d0aeecd0397dd16f2624de527') in 0.016187 seconds
Number of updated asset objects reloaded before import = 0
Number of asset objects unloaded after import = 2
========================================================================
Received Import Request.
  Time since last request: 0.000019 seconds.
  path: Assets/Instantiate/Sound/Monster SFX - 111518/monster/highlevel/mob8die.wav
  artifactKey: Guid(027d0df18da67714fb417bc59e99af73) Importer(815301076,1909f56bfc062723c751e8b465ee728b)
Start importing Assets/Instantiate/Sound/Monster SFX - 111518/monster/highlevel/mob8die.wav using Guid(027d0df18da67714fb417bc59e99af73) Importer(815301076,1909f56bfc062723c751e8b465ee728b)  -> (artifact id: 'd265391d36783a18343595f080b2b8ec') in 0.014639 seconds
Number of updated asset objects reloaded before import = 0
Number of asset objects unloaded after import = 2
========================================================================
Received Import Request.
  Time since last request: 0.000017 seconds.
  path: Assets/Instantiate/Sound/Monster SFX - 111518/monster/highlevel/mob6.wav
  artifactKey: Guid(e27f50f725600624f88427a841fd9596) Importer(815301076,1909f56bfc062723c751e8b465ee728b)
Start importing Assets/Instantiate/Sound/Monster SFX - 111518/monster/highlevel/mob6.wav using Guid(e27f50f725600624f88427a841fd9596) Importer(815301076,1909f56bfc062723c751e8b465ee728b)  -> (artifact id: 'b89c8d24ea6f6aceb8007bb64e073412') in 0.014500 seconds
Number of updated asset objects reloaded before import = 0
Number of asset objects unloaded after import = 2
========================================================================
Received Import Request.
  Time since last request: 0.000039 seconds.
  path: Assets/Instantiate/Sound/Monster SFX - 111518/monster/highlevel/mob4.wav
  artifactKey: Guid(ea00fc8acbbea674c8b6e2401e94b90c) Importer(815301076,1909f56bfc062723c751e8b465ee728b)
Start importing Assets/Instantiate/Sound/Monster SFX - 111518/monster/highlevel/mob4.wav using Guid(ea00fc8acbbea674c8b6e2401e94b90c) Importer(815301076,1909f56bfc062723c751e8b465ee728b)  -> (artifact id: '78f0717107dd0b290263efc0f1c01764') in 0.013260 seconds
Number of updated asset objects reloaded before import = 0
Number of asset objects unloaded after import = 2
========================================================================
Received Import Request.
  Time since last request: 0.000018 seconds.
  path: Assets/Instantiate/Sound/Monster SFX - 111518/monster/highlevel/mob8.wav
  artifactKey: Guid(4abab8fa42f82594081b3013ed1040d8) Importer(815301076,1909f56bfc062723c751e8b465ee728b)
Start importing Assets/Instantiate/Sound/Monster SFX - 111518/monster/highlevel/mob8.wav using Guid(4abab8fa42f82594081b3013ed1040d8) Importer(815301076,1909f56bfc062723c751e8b465ee728b)  -> (artifact id: 'da836d1559d44f4502ffac7cb186251d') in 0.016746 seconds
Number of updated asset objects reloaded before import = 0
Number of asset objects unloaded after import = 2
========================================================================
Received Import Request.
  Time since last request: 0.000018 seconds.
  path: Assets/Instantiate/Sound/Monster SFX - 111518/monster/highlevel/mob11die.wav
  artifactKey: Guid(88670f9a1f1b79a48b39d2db25dde86c) Importer(815301076,1909f56bfc062723c751e8b465ee728b)
Start importing Assets/Instantiate/Sound/Monster SFX - 111518/monster/highlevel/mob11die.wav using Guid(88670f9a1f1b79a48b39d2db25dde86c) Importer(815301076,1909f56bfc062723c751e8b465ee728b)  -> (artifact id: '96c03961be77e6a00d27bff283f54ed9') in 0.019618 seconds
Number of updated asset objects reloaded before import = 0
Number of asset objects unloaded after import = 2
========================================================================
Received Import Request.
  Time since last request: 0.000012 seconds.
  path: Assets/Instantiate/Sound/Monster SFX - 111518/monster/highlevel/mob12.wav
  artifactKey: Guid(defe1ee8e7a51d343b29bb2e1ec2761b) Importer(815301076,1909f56bfc062723c751e8b465ee728b)
Start importing Assets/Instantiate/Sound/Monster SFX - 111518/monster/highlevel/mob12.wav using Guid(defe1ee8e7a51d343b29bb2e1ec2761b) Importer(815301076,1909f56bfc062723c751e8b465ee728b)  -> (artifact id: 'add70c1fb5fc665c46ed60cf2d7596f4') in 0.017939 seconds
Number of updated asset objects reloaded before import = 0
Number of asset objects unloaded after import = 2
Editor requested this worker to shutdown with reason: Scaling down because of idle timeout
TcpMessagingSession - receive error: operation aborted. errorcode: 995, details: 스레드 종료 또는 응용 프로그램 요청 때문에 I/O 작업이 취소되었습니다.
AssetImportWorker is now disconnected from the server
Process exiting
Exiting without the bug reporter. Application will terminate with return code 0